R version 3.1.3 (2015-03-09)
Platform: x86_64-apple-darwin13.4.0 (64-bit)
Running under: OS X 10.10.3 (Yosemite)

locale:
[1] zh_TW.UTF-8/zh_TW.UTF-8/zh_TW.UTF-8/C/zh_TW.UTF-8/zh_TW.UTF-8

attached base packages:
[1] stats     graphics  grDevices utils     datasets  methods   base     

other attached packages:
 [1] xtable_1.7-3           magrittr_1.0.1         ggdendro_0.1-15       
 [4] reshape2_1.4           geosphere_1.3-11       sp_1.0-17             
 [7] ggmap_2.4              GGally_0.5.0           scales_0.2.4          
[10] ggplot2_1.0.1          knitr_1.9              dplyr_0.4.1           
[13] data.table_1.9.4       slidifyLibraries_0.3.1 slidify_0.4.5         

loaded via a namespace (and not attached):
 [1] assertthat_0.1      chron_2.3-45        codetools_0.2-10   
 [4] colorspace_1.2-4    DBI_0.3.1           devtools_1.5       
 [7] digest_0.6.4        evaluate_0.5.5      formatR_1.1        
[10] grid_3.1.3          gtable_0.1.2        htmltools_0.2.6    
[13] httr_0.4            jpeg_0.1-8          lattice_0.20-30    
[16] mapproj_1.2-2       maps_2.3-9          markdown_0.7.4     
[19] MASS_7.3-39         memoise_0.2.1       munsell_0.4.2      
[22] parallel_3.1.3      plyr_1.8.1          png_0.1-7          
[25] proto_0.3-10        Rcpp_0.11.2         RCurl_1.95-4.3     
[28] reshape_0.8.5       RgoogleMaps_1.2.0.7 rjson_0.2.14       
[31] RJSONIO_1.3-0       rmarkdown_0.5.1     stringr_0.6.2      
[34] tools_3.1.3         whisker_0.3-2       yaml_2.1.13        
